<?xml version="1.0" encoding="UTF-8"?>
<!-- Generated by org.testng.reporters.JUnitReportReporter -->
<testsuite hostname="BABARKAZI" failures="0" tests="2" name="pages.Login" time="0.016" errors="0" timestamp="2023-08-01T15:45:58 IST" skipped="0">
  <testcase classname="pages.Login" name="invalid_credentials" time="0.010"/>
  <testcase classname="pages.Login" name="valid_credentials" time="0.006"/>
</testsuite> <!-- pages.Login -->
