<?xml version="1.0" encoding="UTF-8"?>
<!-- Generated by org.testng.reporters.JUnitReportReporter -->
<testsuite hostname="BABARKAZI" failures="0" tests="2" name="pages.Login_page" time="0.012" errors="0" timestamp="2023-08-01T16:42:34 IST" skipped="0">
  <testcase classname="pages.Login_page" name="enter_password" time="0.009"/>
  <testcase classname="pages.Login_page" name="enterusername" time="0.003"/>
</testsuite> <!-- pages.Login_page -->
