<?xml version="1.0" encoding="UTF-8"?>
<!-- Generated by org.testng.reporters.JUnitReportReporter -->
<testsuite hostname="BABARKAZI" failures="0" tests="2" name="pages.BasePage" time="0.016" errors="0" timestamp="2023-08-01T14:22:56 IST" skipped="0">
  <testcase classname="pages.BasePage" name="TestCase" time="0.009"/>
  <testcase classname="pages.BasePage" name="TestCase2" time="0.007"/>
</testsuite> <!-- pages.BasePage -->
