<?xml version="1.0" encoding="UTF-8"?>
<!-- Generated by org.testng.reporters.JUnitReportReporter -->
<testsuite hostname="BABARKAZI" failures="0" tests="2" name="testCases.Login_TestCases" time="0.015" errors="0" timestamp="2023-08-01T17:06:22 IST" skipped="0">
  <testcase classname="testCases.Login_TestCases" name="invalid_credentials" time="0.008"/>
  <testcase classname="testCases.Login_TestCases" name="valid_credentials" time="0.007"/>
</testsuite> <!-- testCases.Login_TestCases -->
