<?xml version="1.0" encoding="UTF-8"?>
<!-- Generated by org.testng.reporters.JUnitReportReporter -->
<testsuite hostname="BABARKAZI" failures="0" tests="3" name="testCases.Dashboard_TestCase" time="0.011" errors="0" timestamp="2023-08-01T17:06:22 IST" skipped="0">
  <testcase classname="testCases.Dashboard_TestCase" name="tab2" time="0.004"/>
  <testcase classname="testCases.Dashboard_TestCase" name="tab1" time="0.004"/>
  <testcase classname="testCases.Dashboard_TestCase" name="tab3" time="0.003"/>
</testsuite> <!-- testCases.Dashboard_TestCase -->
