<?xml version="1.0" encoding="UTF-8"?>
<!-- Generated by org.testng.reporters.JUnitReportReporter -->
<testsuite hostname="BABARKAZI" failures="0" tests="3" name="pages.DashBoard_page" time="0.010" errors="0" timestamp="2023-08-01T16:42:34 IST" skipped="0">
  <testcase classname="pages.DashBoard_page" name="tab1" time="0.001"/>
  <testcase classname="pages.DashBoard_page" name="tab3" time="0.005"/>
  <testcase classname="pages.DashBoard_page" name="tab2" time="0.004"/>
</testsuite> <!-- pages.DashBoard_page -->
