<?xml version="1.0" encoding="UTF-8"?>
<!-- Generated by org.testng.reporters.JUnitReportReporter -->
<testsuite hostname="BABARKAZI" failures="0" tests="2" name="testCases.Login_TestCases" time="0.016" errors="0" timestamp="2023-08-01T18:25:49 IST" skipped="0">
  <testcase classname="testCases.Login_TestCases" name="invalid_credentials" time="0.010"/>
  <testcase classname="testCases.Login_TestCases" name="valid_credentials" time="0.006"/>
</testsuite> <!-- testCases.Login_TestCases -->
