<?xml version="1.0" encoding="UTF-8"?>
<!-- Generated by org.testng.reporters.JUnitReportReporter -->
<testsuite hostname="BABARKAZI" failures="0" tests="3" name="pages.DashBoard" time="0.011" errors="0" timestamp="2023-08-01T15:45:58 IST" skipped="0">
  <testcase classname="pages.DashBoard" name="tab3" time="0.003"/>
  <testcase classname="pages.DashBoard" name="tab1" time="0.003"/>
  <testcase classname="pages.DashBoard" name="tab2" time="0.005"/>
</testsuite> <!-- pages.DashBoard -->
