<?xml version="1.0" encoding="UTF-8"?>
<!-- Generated by org.testng.reporters.JUnitReportReporter -->
<testsuite hostname="BABARKAZI" failures="0" tests="3" name="testCases.Dashboard_TestCase" time="0.037" errors="0" timestamp="2023-08-01T18:25:49 IST" skipped="0">
  <testcase classname="testCases.Dashboard_TestCase" name="tab2" time="0.010"/>
  <testcase classname="testCases.Dashboard_TestCase" name="tab3" time="0.005"/>
  <testcase classname="testCases.Dashboard_TestCase" name="tab1" time="0.022"/>
</testsuite> <!-- testCases.Dashboard_TestCase -->
