<?xml version="1.0" encoding="UTF-8"?>
<!-- Generated by org.testng.reporters.JUnitReportReporter -->
<testsuite hostname="BABARKAZI" failures="0" tests="4" name="qafox_TestCases.QAFOX_RegisterAccount_TestCase" time="54.101" errors="0" timestamp="2023-08-01T18:54:40 IST" skipped="0">
  <testcase classname="qafox_TestCases.QAFOX_RegisterAccount_TestCase" name="check_navigate_QAFOXRegisterAccountPage" time="38.163"/>
  <testcase classname="qafox_TestCases.QAFOX_RegisterAccount_TestCase" name="check_registeraccountwith_validCredentials" time="5.086"/>
  <testcase classname="qafox_TestCases.QAFOX_RegisterAccount_TestCase" name="validate_registerAccount_blankOne_mandatoryField" time="5.507"/>
  <testcase classname="qafox_TestCases.QAFOX_RegisterAccount_TestCase" name="validate_RegisterAccount_WithoutPirvacyPolicy" time="5.345"/>
</testsuite> <!-- qafox_TestCases.QAFOX_RegisterAccount_TestCase -->
