<?xml version="1.0" encoding="UTF-8"?>
<!-- Generated by org.testng.reporters.JUnitReportReporter -->
<testsuite hostname="BABARKAZI" failures="0" tests="2" name="qafox_TestCases.QAFOX_RegisterAccount_TestCase" time="17.695" errors="0" timestamp="2023-07-26T14:22:28 IST" skipped="0">
  <testcase classname="qafox_TestCases.QAFOX_RegisterAccount_TestCase" name="check_navigate_QAFOXRegisterAccountPage" time="13.347"/>
  <testcase classname="qafox_TestCases.QAFOX_RegisterAccount_TestCase" name="check_registeraccountwith_validCredentials" time="4.348"/>
</testsuite> <!-- qafox_TestCases.QAFOX_RegisterAccount_TestCase -->
