<?xml version="1.0" encoding="UTF-8"?>
<!-- Generated by org.testng.reporters.JUnitReportReporter -->
<testsuite hostname="BABARKAZI" failures="0" tests="2" name="qafox_TestCases.QAFOX_Login_TestCase" time="7.742" errors="0" timestamp="2023-08-01T18:54:40 IST" skipped="0">
  <testcase classname="qafox_TestCases.QAFOX_Login_TestCase" name="check_navigate_QAFOXRegisterAccountPage" time="3.696"/>
  <testcase classname="qafox_TestCases.QAFOX_Login_TestCase" name="validate_login_with_validCredentials" time="4.046"/>
</testsuite> <!-- qafox_TestCases.QAFOX_Login_TestCase -->
