<?xml version="1.0" encoding="UTF-8"?>
<!-- Generated by org.testng.reporters.JUnitReportReporter -->
<testsuite hostname="BABARKAZI" failures="0" tests="3" name="qafox_TestCases.QAFOX_RegisterAccount_TestCase" time="19.708" errors="0" timestamp="2023-07-29T11:53:37 IST" skipped="0">
  <testcase classname="qafox_TestCases.QAFOX_RegisterAccount_TestCase" name="check_navigate_QAFOXRegisterAccountPage" time="3.782"/>
  <testcase classname="qafox_TestCases.QAFOX_RegisterAccount_TestCase" name="check_registeraccountwith_validCredentials" time="4.445"/>
  <testcase classname="qafox_TestCases.QAFOX_RegisterAccount_TestCase" name="validate_registerAccount_blankOne_mandatoryField" time="11.481"/>
</testsuite> <!-- qafox_TestCases.QAFOX_RegisterAccount_TestCase -->
