<?xml version="1.0" encoding="UTF-8"?>
<!-- Generated by org.testng.reporters.JUnitReportReporter -->
<testsuite hostname="BABARKAZI" failures="0" tests="4" name="qafox_TestCases.QAFOX_RegisterAccount_TestCase" time="48.190" errors="0" timestamp="2023-07-29T15:25:26 IST" skipped="0">
  <testcase classname="qafox_TestCases.QAFOX_RegisterAccount_TestCase" name="check_navigate_QAFOXRegisterAccountPage" time="3.134"/>
  <testcase classname="qafox_TestCases.QAFOX_RegisterAccount_TestCase" name="check_registeraccountwith_validCredentials" time="4.063"/>
  <testcase classname="qafox_TestCases.QAFOX_RegisterAccount_TestCase" name="validate_registerAccount_blankOne_mandatoryField" time="4.254"/>
  <testcase classname="qafox_TestCases.QAFOX_RegisterAccount_TestCase" name="validate_RegisterAccount_WithoutPirvacyPolicy" time="36.739"/>
</testsuite> <!-- qafox_TestCases.QAFOX_RegisterAccount_TestCase -->
