<?xml version="1.0" encoding="UTF-8"?>
<!-- Generated by org.testng.reporters.JUnitReportReporter -->
<testsuite hostname="BABARKAZI" failures="0" tests="4" name="qafox_TestCases.QAFOX_RegisterAccount_TestCase" time="51.709" errors="0" timestamp="2023-07-31T10:45:13 IST" skipped="0">
  <testcase classname="qafox_TestCases.QAFOX_RegisterAccount_TestCase" name="check_navigate_QAFOXRegisterAccountPage" time="4.930"/>
  <testcase classname="qafox_TestCases.QAFOX_RegisterAccount_TestCase" name="check_registeraccountwith_validCredentials" time="4.352"/>
  <testcase classname="qafox_TestCases.QAFOX_RegisterAccount_TestCase" name="validate_registerAccount_blankOne_mandatoryField" time="5.012"/>
  <testcase classname="qafox_TestCases.QAFOX_RegisterAccount_TestCase" name="validate_RegisterAccount_WithoutPirvacyPolicy" time="37.415"/>
</testsuite> <!-- qafox_TestCases.QAFOX_RegisterAccount_TestCase -->
