<?xml version="1.0" encoding="UTF-8"?>
<!-- Generated by org.testng.reporters.JUnitReportReporter -->
<testsuite hostname="BABARKAZI" failures="0" tests="2" name="qafox_TestCases.QAFOX_Login_TestCase" time="46.033" errors="1" timestamp="2023-07-31T11:45:52 IST" skipped="0">
  <testcase classname="qafox_TestCases.QAFOX_Login_TestCase" name="check_navigate_QAFOXRegisterAccountPage" time="3.768"/>
  <testcase classname="qafox_TestCases.QAFOX_Login_TestCase" name="validate_login_with_validCredentials" time="42.265">
    <error message="Error {
  message=&#039;Timeout 30000ms exceeded.
=========================== logs ===========================
waiting for locator(&quot;xpath=//ul[@class=&#039;dropdown-menu dropdown-menu-right&#039;]//li//a&quot;).nth(1)
  locator resolved to &lt;a href=&quot;https://tutorialsninja.com/demo/index.php?…&gt;Login&lt;/a&gt;
attempting click action
  waiting for element to be visible, enabled and stable
    element is not visible - waiting...
============================================================
  name=&#039;TimeoutError
  stack=&#039;TimeoutError: Timeout 30000ms exceeded.
=========================== logs ===========================
waiting for locator(&quot;xpath=//ul[@class=&#039;dropdown-menu dropdown-menu-right&#039;]//li//a&quot;).nth(1)
  locator resolved to &lt;a href=&quot;https://tutorialsninja.com/demo/index.php?…&gt;Login&lt;/a&gt;
attempting click action
  waiting for element to be visible, enabled and stable
    element is not visible - waiting...
============================================================
    at ProgressController.run (C:\Users\sayya\AppData\Local\Temp\playwright-java-3132795002988643825\package\lib\server\progress.js:88:26)
    at Frame.click (C:\Users\sayya\AppData\Local\Temp\playwright-java-3132795002988643825\package\lib\server\frames.js:998:23)
    at FrameDispatcher.click (C:\Users\sayya\AppData\Local\Temp\playwright-java-3132795002988643825\package\lib\server\dispatchers\frameDispatcher.js:151:30)
    at DispatcherConnection.dispatch (C:\Users\sayya\AppData\Local\Temp\playwright-java-3132795002988643825\package\lib\server\dispatchers\dispatcher.js:312:46)
}" type="com.microsoft.playwright.TimeoutError">
      <![CDATA[com.microsoft.playwright.TimeoutError: Error {
  message='Timeout 30000ms exceeded.
=========================== logs ===========================
waiting for locator("xpath=//ul[@class='dropdown-menu dropdown-menu-right']//li//a").nth(1)
  locator resolved to <a href="https://tutorialsninja.com/demo/index.php?…>Login</a>
attempting click action
  waiting for element to be visible, enabled and stable
    element is not visible - waiting...
============================================================
  name='TimeoutError
  stack='TimeoutError: Timeout 30000ms exceeded.
=========================== logs ===========================
waiting for locator("xpath=//ul[@class='dropdown-menu dropdown-menu-right']//li//a").nth(1)
  locator resolved to <a href="https://tutorialsninja.com/demo/index.php?…>Login</a>
attempting click action
  waiting for element to be visible, enabled and stable
    element is not visible - waiting...
============================================================
    at ProgressController.run (C:\Users\sayya\AppData\Local\Temp\playwright-java-3132795002988643825\package\lib\server\progress.js:88:26)
    at Frame.click (C:\Users\sayya\AppData\Local\Temp\playwright-java-3132795002988643825\package\lib\server\frames.js:998:23)
    at FrameDispatcher.click (C:\Users\sayya\AppData\Local\Temp\playwright-java-3132795002988643825\package\lib\server\dispatchers\frameDispatcher.js:151:30)
    at DispatcherConnection.dispatch (C:\Users\sayya\AppData\Local\Temp\playwright-java-3132795002988643825\package\lib\server\dispatchers\dispatcher.js:312:46)
}
at com.microsoft.playwright.impl.WaitableResult.get(WaitableResult.java:52)
at com.microsoft.playwright.impl.ChannelOwner.runUntil(ChannelOwner.java:111)
at com.microsoft.playwright.impl.Connection.sendMessage(Connection.java:126)
at com.microsoft.playwright.impl.ChannelOwner.sendMessage(ChannelOwner.java:102)
at com.microsoft.playwright.impl.FrameImpl.clickImpl(FrameImpl.java:252)
at com.microsoft.playwright.impl.FrameImpl.lambda$click$8(FrameImpl.java:243)
at com.microsoft.playwright.impl.LoggingSupport.lambda$withLogging$0(LoggingSupport.java:36)
at com.microsoft.playwright.impl.LoggingSupport.withLogging(LoggingSupport.java:47)
at com.microsoft.playwright.impl.ChannelOwner.withLogging(ChannelOwner.java:87)
at com.microsoft.playwright.impl.LoggingSupport.withLogging(LoggingSupport.java:35)
at com.microsoft.playwright.impl.FrameImpl.click(FrameImpl.java:243)
at com.microsoft.playwright.impl.LocatorImpl.click(LocatorImpl.java:140)
at com.microsoft.playwright.Locator.click(Locator.java:2297)
at qafoxpages.QAF_RegisterAccount_Page.select_dropdown_option(QAF_RegisterAccount_Page.java:156)
at qafoxpages.QAFOX_BaseFunctionality.select_myaccountdropdown_option(QAFOX_BaseFunctionality.java:32)
at qafox_TestCases.QAFOX_Login_TestCase.validate_login_with_validCredentials(QAFOX_Login_TestCase.java:35)
at java.base/jdk.internal.reflect.DirectMethodHandleAccessor.invoke(DirectMethodHandleAccessor.java:104)
at java.base/java.lang.reflect.Method.invoke(Method.java:578)
at org.testng.internal.invokers.MethodInvocationHelper.invokeMethod(MethodInvocationHelper.java:139)
at org.testng.internal.invokers.TestInvoker.invokeMethod(TestInvoker.java:664)
at org.testng.internal.invokers.TestInvoker.invokeTestMethod(TestInvoker.java:227)
at org.testng.internal.invokers.MethodRunner.runInSequence(MethodRunner.java:50)
at org.testng.internal.invokers.TestInvoker$MethodInvocationAgent.invoke(TestInvoker.java:957)
at org.testng.internal.invokers.TestInvoker.invokeTestMethods(TestInvoker.java:200)
at org.testng.internal.invokers.TestMethodWorker.invokeTestMethods(TestMethodWorker.java:148)
at org.testng.internal.invokers.TestMethodWorker.run(TestMethodWorker.java:128)
at java.base/java.util.ArrayList.forEach(ArrayList.java:1511)
at org.testng.TestRunner.privateRun(TestRunner.java:848)
at org.testng.TestRunner.run(TestRunner.java:621)
at org.testng.SuiteRunner.runTest(SuiteRunner.java:443)
at org.testng.SuiteRunner.runSequentially(SuiteRunner.java:437)
at org.testng.SuiteRunner.privateRun(SuiteRunner.java:397)
at org.testng.SuiteRunner.run(SuiteRunner.java:336)
at org.testng.SuiteRunnerWorker.runSuite(SuiteRunnerWorker.java:52)
at org.testng.SuiteRunnerWorker.run(SuiteRunnerWorker.java:95)
at org.testng.TestNG.runSuitesSequentially(TestNG.java:1280)
at org.testng.TestNG.runSuitesLocally(TestNG.java:1200)
at org.testng.TestNG.runSuites(TestNG.java:1114)
at org.testng.TestNG.run(TestNG.java:1082)
at org.testng.remote.AbstractRemoteTestNG.run(AbstractRemoteTestNG.java:115)
at org.testng.remote.RemoteTestNG.initAndRun(RemoteTestNG.java:251)
at org.testng.remote.RemoteTestNG.main(RemoteTestNG.java:77)
Caused by: com.microsoft.playwright.TimeoutError: Error {
  message='Timeout 30000ms exceeded.
=========================== logs ===========================
waiting for locator("xpath=//ul[@class='dropdown-menu dropdown-menu-right']//li//a").nth(1)
  locator resolved to <a href="https://tutorialsninja.com/demo/index.php?…>Login</a>
attempting click action
  waiting for element to be visible, enabled and stable
    element is not visible - waiting...
============================================================
  name='TimeoutError
  stack='TimeoutError: Timeout 30000ms exceeded.
=========================== logs ===========================
waiting for locator("xpath=//ul[@class='dropdown-menu dropdown-menu-right']//li//a").nth(1)
  locator resolved to <a href="https://tutorialsninja.com/demo/index.php?…>Login</a>
attempting click action
  waiting for element to be visible, enabled and stable
    element is not visible - waiting...
============================================================
    at ProgressController.run (C:\Users\sayya\AppData\Local\Temp\playwright-java-3132795002988643825\package\lib\server\progress.js:88:26)
    at Frame.click (C:\Users\sayya\AppData\Local\Temp\playwright-java-3132795002988643825\package\lib\server\frames.js:998:23)
    at FrameDispatcher.click (C:\Users\sayya\AppData\Local\Temp\playwright-java-3132795002988643825\package\lib\server\dispatchers\frameDispatcher.js:151:30)
    at DispatcherConnection.dispatch (C:\Users\sayya\AppData\Local\Temp\playwright-java-3132795002988643825\package\lib\server\dispatchers\dispatcher.js:312:46)
}
at com.microsoft.playwright.impl.Connection.dispatch(Connection.java:224)
at com.microsoft.playwright.impl.Connection.processOneMessage(Connection.java:206)
at com.microsoft.playwright.impl.ChannelOwner.runUntil(ChannelOwner.java:109)
... 40 more
]]>
    </error>
  </testcase> <!-- validate_login_with_validCredentials -->
</testsuite> <!-- qafox_TestCases.QAFOX_Login_TestCase -->
