<?xml version="1.0" encoding="UTF-8"?>
<!-- Generated by org.testng.reporters.JUnitReportReporter -->
<testsuite hostname="BABARKAZI" failures="0" tests="4" name="qafox_CreateAccount_TestCase_Main.QAFOX_RegisterAccount_TestCase" time="18.502" errors="0" timestamp="2023-07-12T21:14:27 IST" skipped="0">
  <testcase classname="qafox_CreateAccount_TestCase_Main.QAFOX_RegisterAccount_TestCase" name="check_navigate_QAFOXRegisterAccountPage" time="5.019"/>
  <testcase classname="qafox_CreateAccount_TestCase_Main.QAFOX_RegisterAccount_TestCase" name="check_registeraccountwith_validCredentials" time="4.129"/>
  <testcase classname="qafox_CreateAccount_TestCase_Main.QAFOX_RegisterAccount_TestCase" name="validate_registerAccount_blankOne_mandatoryField" time="4.629"/>
  <testcase classname="qafox_CreateAccount_TestCase_Main.QAFOX_RegisterAccount_TestCase" name="validate_RegisterAccount_withoutPrivacyPolicy" time="4.725"/>
</testsuite> <!-- qafox_CreateAccount_TestCase_Main.QAFOX_RegisterAccount_TestCase -->
