<?xml version="1.0" encoding="UTF-8"?>
<!-- Generated by org.testng.reporters.JUnitReportReporter -->
<testsuite hostname="BABARKAZI" failures="0" tests="1" name="selenium_Practice.Actions_Demo" time="5.325" errors="0" timestamp="2023-07-10T17:47:24 IST" skipped="0">
  <testcase classname="selenium_Practice.Actions_Demo" name="action_Demo" time="5.325"/>
</testsuite> <!-- selenium_Practice.Actions_Demo -->
