<?xml version="1.0" encoding="UTF-8"?>
<!-- Generated by org.testng.reporters.JUnitReportReporter -->
<testsuite hostname="BABARKAZI" failures="0" tests="2" name="qafox_pages.QAFOX_CreateAccount_TestCase" time="9.888" errors="0" timestamp="2023-07-10T15:01:12 IST" skipped="0">
  <testcase classname="qafox_pages.QAFOX_CreateAccount_TestCase" name="check_navigate_QAFOXCreateAccountPage" time="3.986"/>
  <testcase classname="qafox_pages.QAFOX_CreateAccount_TestCase" name="check_createaccountwith_validCredentials" time="5.902"/>
</testsuite> <!-- qafox_pages.QAFOX_CreateAccount_TestCase -->
