<?xml version="1.0" encoding="UTF-8"?>
<!-- Generated by org.testng.reporters.JUnitReportReporter -->
<testsuite hostname="BABARKAZI" failures="0" tests="2" name="qafox_CreateAccount_TestCase_Main.QAFOX_RegisterAccount_TestCase" time="8.761" errors="0" timestamp="2023-07-26T14:38:45 IST" skipped="0">
  <testcase classname="qafox_CreateAccount_TestCase_Main.QAFOX_RegisterAccount_TestCase" name="check_navigate_QAFOXRegisterAccountPage" time="4.453"/>
  <testcase classname="qafox_CreateAccount_TestCase_Main.QAFOX_RegisterAccount_TestCase" name="check_registeraccountwith_validCredentials" time="4.308"/>
</testsuite> <!-- qafox_CreateAccount_TestCase_Main.QAFOX_RegisterAccount_TestCase -->
