<?xml version="1.0" encoding="UTF-8"?>
<!-- Generated by org.testng.reporters.JUnitReportReporter -->
<testsuite hostname="BABARKAZI" failures="0" tests="2" name="qafox_pages.QAFOX_CreateAccount_TestCase" time="8.409" errors="0" timestamp="2023-07-11T20:10:27 IST" skipped="0">
  <testcase classname="qafox_pages.QAFOX_CreateAccount_TestCase" name="check_navigate_QAFOXCreateAccountPage" time="4.046"/>
  <testcase classname="qafox_pages.QAFOX_CreateAccount_TestCase" name="check_createaccountwith_validCredentials" time="4.363"/>
</testsuite> <!-- qafox_pages.QAFOX_CreateAccount_TestCase -->
