<?xml version="1.0" encoding="UTF-8"?>
<!-- Generated by org.testng.reporters.JUnitReportReporter -->
<testsuite hostname="BABARKAZI" failures="0" tests="2" name="qafox_pages.QAFOX_CreateAccount_TestCase" time="8.511" errors="0" timestamp="2023-07-12T16:05:07 IST" skipped="0">
  <testcase classname="qafox_pages.QAFOX_CreateAccount_TestCase" name="check_navigate_QAFOXCreateAccountPage" time="4.056"/>
  <testcase classname="qafox_pages.QAFOX_CreateAccount_TestCase" name="check_createaccountwith_validCredentials" time="4.455"/>
</testsuite> <!-- qafox_pages.QAFOX_CreateAccount_TestCase -->
