<?xml version="1.0" encoding="UTF-8"?>
<!-- Generated by org.testng.reporters.JUnitReportReporter -->
<testsuite hostname="BABARKAZI" failures="0" tests="2" name="orangeHRM_Login_TestCase_Main.OrangeHRM_Login_TestCase" time="19.807" errors="0" timestamp="2023-07-12T21:04:18 IST" skipped="0">
  <testcase classname="orangeHRM_Login_TestCase_Main.OrangeHRM_Login_TestCase" name="check_navigate_orangeHRM_loginPage" time="7.495"/>
  <testcase classname="orangeHRM_Login_TestCase_Main.OrangeHRM_Login_TestCase" name="login_With_ValidCredentials" time="12.312"/>
</testsuite> <!-- orangeHRM_Login_TestCase_Main.OrangeHRM_Login_TestCase -->
