<?xml version="1.0" encoding="UTF-8"?>
<!-- Generated by org.testng.reporters.JUnitReportReporter -->
<testsuite hostname="BABARKAZI" failures="0" tests="4" name="qafox_CreateAccount_TestCase_Main.QAFOX_RegisterAccount_TestCase" time="16.836" errors="0" timestamp="2023-07-12T18:15:47 IST" skipped="0">
  <testcase classname="qafox_CreateAccount_TestCase_Main.QAFOX_RegisterAccount_TestCase" name="check_navigate_QAFOXRegisterAccountPage" time="4.575"/>
  <testcase classname="qafox_CreateAccount_TestCase_Main.QAFOX_RegisterAccount_TestCase" name="check_registeraccountwith_validCredentials" time="3.839"/>
  <testcase classname="qafox_CreateAccount_TestCase_Main.QAFOX_RegisterAccount_TestCase" name="validate_registerAccount_blankOne_mandatoryField" time="4.078"/>
  <testcase classname="qafox_CreateAccount_TestCase_Main.QAFOX_RegisterAccount_TestCase" name="validate_RegisterAccount_withoutPrivacyPolicy" time="4.344"/>
</testsuite> <!-- qafox_CreateAccount_TestCase_Main.QAFOX_RegisterAccount_TestCase -->
