<?xml version="1.0" encoding="UTF-8"?>
<!-- Generated by org.testng.reporters.JUnitReportReporter -->
<testsuite hostname="BABARKAZI" failures="0" tests="2" name="qafox_CreateAccount_TestCase_Main.QAFOX_CreateAccount_TestCase" time="8.567" errors="0" timestamp="2023-07-12T16:26:01 IST" skipped="0">
  <testcase classname="qafox_CreateAccount_TestCase_Main.QAFOX_CreateAccount_TestCase" name="check_navigate_QAFOXCreateAccountPage" time="4.352"/>
  <testcase classname="qafox_CreateAccount_TestCase_Main.QAFOX_CreateAccount_TestCase" name="check_createaccountwith_validCredentials" time="4.215"/>
</testsuite> <!-- qafox_CreateAccount_TestCase_Main.QAFOX_CreateAccount_TestCase -->
